<?xml version="1.0" encoding="UTF-8"?>
<testng-results ignored="0" total="2" passed="2" failed="0" skipped="0">
  <reporter-output>
  </reporter-output>
  <suite started-at="2026-03-11T17:53:39 CDT" name="Default suite" finished-at="2026-03-11T17:54:34 CDT" duration-ms="54797">
    <groups>
    </groups>
    <test started-at="2026-03-11T17:53:39 CDT" name="Default test" finished-at="2026-03-11T17:54:34 CDT" duration-ms="54797">
      <class name="UI.Test2">
        <test-method signature="test3()[pri:1, instance:UI.Test2@3eb25e1a]" started-at="2026-03-11T17:53:39 CDT" name="test3" finished-at="2026-03-11T17:53:39 CDT" duration-ms="25" status="PASS">
          <reporter-output>
          </reporter-output>
        </test-method> <!-- test3 -->
        <test-method signature="test2()[pri:2, instance:UI.Test2@3eb25e1a]" started-at="2026-03-11T17:53:39 CDT" name="test2" finished-at="2026-03-11T17:54:32 CDT" duration-ms="52375" status="PASS">
          <reporter-output>
          </reporter-output>
        </test-method> <!-- test2 -->
        <test-method is-config="true" signature="tearDown()[pri:0, instance:UI.Test2@3eb25e1a]" started-at="2026-03-11T17:54:32 CDT" name="tearDown" finished-at="2026-03-11T17:54:34 CDT" duration-ms="2278" status="PASS">
          <reporter-output>
          </reporter-output>
        </test-method> <!-- tearDown -->
      </class> <!-- UI.Test2 -->
    </test> <!-- Default test -->
  </suite> <!-- Default suite -->
</testng-results>
