<?xml version="1.0" encoding="UTF-8"?>
<testng-results ignored="0" total="1" passed="1" failed="0" skipped="0">
  <reporter-output>
  </reporter-output>
  <suite started-at="2026-03-11T16:29:33 CDT" name="Default suite" finished-at="2026-03-11T16:29:33 CDT" duration-ms="207">
    <groups>
    </groups>
    <test started-at="2026-03-11T16:29:33 CDT" name="Default test" finished-at="2026-03-11T16:29:33 CDT" duration-ms="207">
      <class name="UI.First_Test">
        <test-method signature="test1()[pri:0, instance:UI.First_Test@1bb5a082]" started-at="2026-03-11T16:29:33 CDT" name="test1" finished-at="2026-03-11T16:29:33 CDT" duration-ms="21" status="PASS">
          <reporter-output>
          </reporter-output>
        </test-method> <!-- test1 -->
      </class> <!-- UI.First_Test -->
    </test> <!-- Default test -->
  </suite> <!-- Default suite -->
</testng-results>
